2020-07-30 09:42:06,817 trserial.py[line:178] INFO start test send ...
2020-07-30 09:42:06,818 trserial.py[line:210] INFO start test receive ...
2020-07-30 09:42:06,818 trserial.py[line:182] INFO write测试第1次
2020-07-30 09:42:06,818 trserial.py[line:214] INFO read测试第1次
2020-07-30 09:42:06,819 trserial.py[line:197] INFO write测试第1次完成
2020-07-30 09:42:06,819 trserial.py[line:238] INFO read测试第1次完成
2020-07-30 09:42:06,819 trserial.py[line:182] INFO write测试第2次
2020-07-30 09:42:06,819 trserial.py[line:214] INFO read测试第2次
2020-07-30 09:42:06,819 trserial.py[line:197] INFO write测试第2次完成
2020-07-30 09:42:06,820 trserial.py[line:238] INFO read测试第2次完成
2020-07-30 09:42:06,870 trserial.py[line:182] INFO write测试第3次
2020-07-30 09:42:06,871 trserial.py[line:214] INFO read测试第3次
2020-07-30 09:42:06,871 trserial.py[line:197] INFO write测试第3次完成
2020-07-30 09:42:06,871 trserial.py[line:238] INFO read测试第3次完成
2020-07-30 09:42:06,871 trserial.py[line:182] INFO write测试第4次
2020-07-30 09:42:06,871 trserial.py[line:214] INFO read测试第4次
2020-07-30 09:42:06,872 trserial.py[line:197] INFO write测试第4次完成
2020-07-30 09:42:06,872 trserial.py[line:238] INFO read测试第4次完成
2020-07-30 09:42:06,872 trserial.py[line:182] INFO write测试第5次
2020-07-30 09:42:06,872 trserial.py[line:214] INFO read测试第5次
2020-07-30 09:42:06,872 trserial.py[line:197] INFO write测试第5次完成
2020-07-30 09:42:06,873 trserial.py[line:238] INFO read测试第5次完成
2020-07-30 09:42:06,873 trserial.py[line:182] INFO write测试第6次
2020-07-30 09:42:06,873 trserial.py[line:214] INFO read测试第6次
2020-07-30 09:42:06,873 trserial.py[line:197] INFO write测试第6次完成
2020-07-30 09:42:06,873 trserial.py[line:238] INFO read测试第6次完成
2020-07-30 09:42:06,873 trserial.py[line:182] INFO write测试第7次
2020-07-30 09:42:06,873 trserial.py[line:214] INFO read测试第7次
2020-07-30 09:42:06,873 trserial.py[line:197] INFO write测试第7次完成
2020-07-30 09:42:06,873 trserial.py[line:238] INFO read测试第7次完成
2020-07-30 09:42:06,873 trserial.py[line:182] INFO write测试第8次
2020-07-30 09:42:06,875 trserial.py[line:214] INFO read测试第8次
2020-07-30 09:42:06,890 trserial.py[line:197] INFO write测试第8次完成
2020-07-30 09:42:06,892 trserial.py[line:238] INFO read测试第8次完成
2020-07-30 09:42:06,893 trserial.py[line:182] INFO write测试第9次
2020-07-30 09:42:06,898 trserial.py[line:214] INFO read测试第9次
2020-07-30 09:42:06,899 trserial.py[line:197] INFO write测试第9次完成
2020-07-30 09:42:06,902 trserial.py[line:238] INFO read测试第9次完成
2020-07-30 09:42:06,902 trserial.py[line:182] INFO write测试第10次
2020-07-30 09:42:06,903 trserial.py[line:214] INFO read测试第10次
2020-07-30 09:42:06,904 trserial.py[line:197] INFO write测试第10次完成
2020-07-30 09:42:06,905 trserial.py[line:238] INFO read测试第10次完成
2020-07-30 09:42:06,905 trserial.py[line:202] INFO write测试发送速率...
2020-07-30 09:42:06,905 trserial.py[line:242] INFO read测试接收速率...
2020-07-30 09:42:06,906 trserial.py[line:138] INFO 测试10次发送速率...
2020-07-30 09:42:06,906 trserial.py[line:155] INFO 测试10次接收速率...
2020-07-30 09:42:24,733 trserial.py[line:178] INFO start test send ...
2020-07-30 09:42:24,734 trserial.py[line:210] INFO start test receive ...
2020-07-30 09:42:24,734 trserial.py[line:182] INFO write测试第1次
2020-07-30 09:42:24,734 trserial.py[line:214] INFO read测试第1次
2020-07-30 09:42:24,734 trserial.py[line:197] INFO write测试第1次完成
2020-07-30 09:42:24,735 trserial.py[line:238] INFO read测试第1次完成
2020-07-30 09:42:24,735 trserial.py[line:182] INFO write测试第2次
2020-07-30 09:42:24,735 trserial.py[line:214] INFO read测试第2次
2020-07-30 09:42:24,736 trserial.py[line:197] INFO write测试第2次完成
2020-07-30 09:42:24,736 trserial.py[line:238] INFO read测试第2次完成
2020-07-30 09:42:24,736 trserial.py[line:182] INFO write测试第3次
2020-07-30 09:42:24,736 trserial.py[line:214] INFO read测试第3次
2020-07-30 09:42:24,736 trserial.py[line:197] INFO write测试第3次完成
2020-07-30 09:42:24,737 trserial.py[line:238] INFO read测试第3次完成
2020-07-30 09:42:24,737 trserial.py[line:182] INFO write测试第4次
2020-07-30 09:42:24,737 trserial.py[line:214] INFO read测试第4次
2020-07-30 09:42:24,737 trserial.py[line:197] INFO write测试第4次完成
2020-07-30 09:42:24,737 trserial.py[line:238] INFO read测试第4次完成
2020-07-30 09:42:24,737 trserial.py[line:182] INFO write测试第5次
2020-07-30 09:42:24,738 trserial.py[line:214] INFO read测试第5次
2020-07-30 09:42:24,738 trserial.py[line:197] INFO write测试第5次完成
2020-07-30 09:42:24,738 trserial.py[line:238] INFO read测试第5次完成
2020-07-30 09:42:24,738 trserial.py[line:182] INFO write测试第6次
2020-07-30 09:42:24,738 trserial.py[line:214] INFO read测试第6次
2020-07-30 09:42:24,739 trserial.py[line:197] INFO write测试第6次完成
2020-07-30 09:42:24,739 trserial.py[line:238] INFO read测试第6次完成
2020-07-30 09:42:24,739 trserial.py[line:182] INFO write测试第7次
2020-07-30 09:42:24,739 trserial.py[line:214] INFO read测试第7次
2020-07-30 09:42:24,739 trserial.py[line:197] INFO write测试第7次完成
2020-07-30 09:42:24,740 trserial.py[line:238] INFO read测试第7次完成
2020-07-30 09:42:24,740 trserial.py[line:182] INFO write测试第8次
2020-07-30 09:42:24,741 trserial.py[line:197] INFO write测试第8次完成
2020-07-30 09:42:24,741 trserial.py[line:214] INFO read测试第8次
2020-07-30 09:42:24,742 trserial.py[line:182] INFO write测试第9次
2020-07-30 09:42:24,743 trserial.py[line:197] INFO write测试第9次完成
2020-07-30 09:42:24,742 trserial.py[line:238] INFO read测试第8次完成
2020-07-30 09:42:24,743 trserial.py[line:182] INFO write测试第10次
2020-07-30 09:42:24,748 trserial.py[line:197] INFO write测试第10次完成
2020-07-30 09:42:24,747 trserial.py[line:214] INFO read测试第9次
2020-07-30 09:42:24,750 trserial.py[line:238] INFO read测试第9次完成
2020-07-30 09:42:24,749 trserial.py[line:202] INFO write测试发送速率...
2020-07-30 09:42:24,750 trserial.py[line:214] INFO read测试第10次
2020-07-30 09:42:24,751 trserial.py[line:138] INFO 测试10次发送速率...
2020-07-30 09:42:24,751 trserial.py[line:238] INFO read测试第10次完成
2020-07-30 09:42:24,752 trserial.py[line:242] INFO read测试接收速率...
2020-07-30 09:42:24,753 trserial.py[line:155] INFO 测试10次接收速率...
2020-07-30 09:43:08,655 trserial.py[line:178] INFO start test send ...
2020-07-30 09:43:08,655 trserial.py[line:210] INFO start test receive ...
2020-07-30 09:43:08,655 trserial.py[line:182] INFO write测试第1次
2020-07-30 09:43:08,655 trserial.py[line:214] INFO read测试第1次
2020-07-30 09:43:08,656 trserial.py[line:184] INFO write测试文件md5...
2020-07-30 09:43:08,656 trserial.py[line:216] INFO read测试文件md5...
2020-07-30 09:43:08,656 trserial.py[line:88] INFO 测试接收文件...
2020-07-30 09:43:08,686 trserial.py[line:20] INFO 测试发送文件...
2020-07-30 09:43:08,704 trserial.py[line:21] INFO 发送文件大小(字节):17
2020-07-30 09:43:08,746 trserial.py[line:99] INFO 接收文件完成...
2020-07-30 09:43:08,775 trserial.py[line:102] INFO 接收文件大小(字节):0
2020-07-30 09:43:08,795 trserial.py[line:109] INFO 测试接收文件完成
2020-07-30 09:43:08,795 trserial.py[line:45] INFO 文件传输完成...
2020-07-30 09:43:08,795 trserial.py[line:50] INFO 测试发送文件完成
2020-07-30 09:43:08,827 trserial.py[line:88] INFO 测试接收文件...
2020-07-30 09:43:08,830 trserial.py[line:99] INFO 接收文件完成...
2020-07-30 09:43:08,831 trserial.py[line:102] INFO 接收文件大小(字节):0
2020-07-30 09:43:08,831 trserial.py[line:109] INFO 测试接收文件完成
2020-07-30 09:43:08,831 trserial.py[line:20] INFO 测试发送文件...
2020-07-30 09:43:08,834 trserial.py[line:21] INFO 发送文件大小(字节):17
2020-07-30 09:43:08,833 trserial.py[line:88] INFO 测试接收文件...
2020-07-30 09:43:08,874 trserial.py[line:99] INFO 接收文件完成...
2020-07-30 09:43:08,905 trserial.py[line:102] INFO 接收文件大小(字节):0
2020-07-30 09:43:08,922 trserial.py[line:109] INFO 测试接收文件完成
2020-07-30 09:43:08,922 trserial.py[line:45] INFO 文件传输完成...
2020-07-30 09:43:08,922 trserial.py[line:50] INFO 测试发送文件完成
2020-07-30 09:43:08,969 trserial.py[line:232] INFO read测试文件md5完成
2020-07-30 09:43:08,980 trserial.py[line:238] INFO read测试第1次完成
2020-07-30 09:43:08,981 trserial.py[line:20] INFO 测试发送文件...
2020-07-30 09:43:08,988 trserial.py[line:214] INFO read测试第2次
2020-07-30 09:43:08,989 trserial.py[line:21] INFO 发送文件大小(字节):21
2020-07-30 09:43:08,990 trserial.py[line:216] INFO read测试文件md5...
2020-07-30 09:43:09,012 trserial.py[line:88] INFO 测试接收文件...
2020-07-30 09:43:09,032 trserial.py[line:99] INFO 接收文件完成...
2020-07-30 09:43:09,057 trserial.py[line:102] INFO 接收文件大小(字节):0
2020-07-30 09:43:09,075 trserial.py[line:109] INFO 测试接收文件完成
2020-07-30 09:43:09,165 trserial.py[line:88] INFO 测试接收文件...
2020-07-30 09:43:09,183 trserial.py[line:99] INFO 接收文件完成...
2020-07-30 09:43:09,201 trserial.py[line:102] INFO 接收文件大小(字节):0
2020-07-30 09:43:09,219 trserial.py[line:109] INFO 测试接收文件完成
2020-07-30 09:43:09,219 trserial.py[line:45] INFO 文件传输完成...
2020-07-30 09:43:09,220 trserial.py[line:50] INFO 测试发送文件完成
2020-07-30 09:43:09,221 trserial.py[line:88] INFO 测试接收文件...
2020-07-30 09:43:09,222 trserial.py[line:192] INFO write测试文件md5完成
2020-07-30 09:43:09,223 trserial.py[line:99] INFO 接收文件完成...
2020-07-30 09:43:09,223 trserial.py[line:197] INFO write测试第1次完成
2020-07-30 09:43:09,224 trserial.py[line:102] INFO 接收文件大小(字节):0
2020-07-30 09:43:09,225 trserial.py[line:182] INFO write测试第2次
2020-07-30 09:43:09,225 trserial.py[line:109] INFO 测试接收文件完成
2020-07-30 09:43:09,226 trserial.py[line:184] INFO write测试文件md5...
2020-07-30 09:43:09,294 trserial.py[line:232] INFO read测试文件md5完成
2020-07-30 09:43:09,294 trserial.py[line:238] INFO read测试第2次完成
2020-07-30 09:43:09,295 trserial.py[line:214] INFO read测试第3次
2020-07-30 09:43:09,296 trserial.py[line:20] INFO 测试发送文件...
2020-07-30 09:43:09,297 trserial.py[line:216] INFO read测试文件md5...
2020-07-30 09:43:09,298 trserial.py[line:88] INFO 测试接收文件...
2020-07-30 09:43:09,298 trserial.py[line:21] INFO 发送文件大小(字节):17
2020-07-30 09:43:09,340 trserial.py[line:99] INFO 接收文件完成...
2020-07-30 09:43:09,363 trserial.py[line:102] INFO 接收文件大小(字节):0
2020-07-30 09:43:09,379 trserial.py[line:109] INFO 测试接收文件完成
2020-07-30 09:43:09,379 trserial.py[line:45] INFO 文件传输完成...
2020-07-30 09:43:09,379 trserial.py[line:50] INFO 测试发送文件完成
2020-07-30 09:43:09,416 trserial.py[line:88] INFO 测试接收文件...
2020-07-30 09:43:09,416 trserial.py[line:99] INFO 接收文件完成...
2020-07-30 09:43:09,418 trserial.py[line:20] INFO 测试发送文件...
2020-07-30 09:43:09,418 trserial.py[line:102] INFO 接收文件大小(字节):0
2020-07-30 09:43:09,420 trserial.py[line:21] INFO 发送文件大小(字节):17
2020-07-30 09:43:09,420 trserial.py[line:109] INFO 测试接收文件完成
2020-07-30 09:43:09,511 trserial.py[line:88] INFO 测试接收文件...
2020-07-30 09:43:09,529 trserial.py[line:99] INFO 接收文件完成...
2020-07-30 09:43:09,552 trserial.py[line:102] INFO 接收文件大小(字节):0
2020-07-30 09:43:09,563 trserial.py[line:109] INFO 测试接收文件完成
2020-07-30 09:43:09,563 trserial.py[line:45] INFO 文件传输完成...
2020-07-30 09:43:09,564 trserial.py[line:50] INFO 测试发送文件完成
2020-07-30 09:43:09,586 trserial.py[line:232] INFO read测试文件md5完成
2020-07-30 09:43:09,586 trserial.py[line:238] INFO read测试第3次完成
2020-07-30 09:43:09,587 trserial.py[line:214] INFO read测试第4次
2020-07-30 09:43:09,587 trserial.py[line:20] INFO 测试发送文件...
2020-07-30 09:43:09,589 trserial.py[line:216] INFO read测试文件md5...
2020-07-30 09:43:09,590 trserial.py[line:21] INFO 发送文件大小(字节):21
2020-07-30 09:43:09,591 trserial.py[line:88] INFO 测试接收文件...
2020-07-30 09:43:09,603 trserial.py[line:99] INFO 接收文件完成...
2020-07-30 09:43:09,627 trserial.py[line:102] INFO 接收文件大小(字节):0
2020-07-30 09:43:09,645 trserial.py[line:109] INFO 测试接收文件完成
2020-07-30 09:43:09,703 trserial.py[line:88] INFO 测试接收文件...
2020-07-30 09:43:09,715 trserial.py[line:99] INFO 接收文件完成...
2020-07-30 09:43:09,733 trserial.py[line:102] INFO 接收文件大小(字节):0
2020-07-30 09:43:09,750 trserial.py[line:109] INFO 测试接收文件完成
2020-07-30 09:43:09,750 trserial.py[line:45] INFO 文件传输完成...
2020-07-30 09:43:09,751 trserial.py[line:50] INFO 测试发送文件完成
2020-07-30 09:43:09,752 trserial.py[line:192] INFO write测试文件md5完成
2020-07-30 09:43:09,752 trserial.py[line:88] INFO 测试接收文件...
2020-07-30 09:43:09,752 trserial.py[line:197] INFO write测试第2次完成
2020-07-30 09:43:09,754 trserial.py[line:99] INFO 接收文件完成...
2020-07-30 09:43:09,755 trserial.py[line:182] INFO write测试第3次
2020-07-30 09:43:09,756 trserial.py[line:102] INFO 接收文件大小(字节):0
2020-07-30 09:43:09,756 trserial.py[line:184] INFO write测试文件md5...
2020-07-30 09:43:09,756 trserial.py[line:109] INFO 测试接收文件完成
2020-07-30 09:43:09,841 trserial.py[line:232] INFO read测试文件md5完成
2020-07-30 09:43:09,841 trserial.py[line:238] INFO read测试第4次完成
2020-07-30 09:43:09,843 trserial.py[line:214] INFO read测试第5次
2020-07-30 09:43:09,843 trserial.py[line:20] INFO 测试发送文件...
2020-07-30 09:43:09,845 trserial.py[line:216] INFO read测试文件md5...
2020-07-30 09:43:09,846 trserial.py[line:21] INFO 发送文件大小(字节):17
2020-07-30 09:43:09,846 trserial.py[line:88] INFO 测试接收文件...
2020-07-30 09:43:09,865 trserial.py[line:99] INFO 接收文件完成...
2020-07-30 09:43:09,889 trserial.py[line:102] INFO 接收文件大小(字节):0
2020-07-30 09:43:09,907 trserial.py[line:109] INFO 测试接收文件完成
2020-07-30 09:43:09,907 trserial.py[line:45] INFO 文件传输完成...
2020-07-30 09:43:09,908 trserial.py[line:50] INFO 测试发送文件完成
2020-07-30 09:43:09,933 trserial.py[line:88] INFO 测试接收文件...
2020-07-30 09:43:09,933 trserial.py[line:99] INFO 接收文件完成...
2020-07-30 09:43:09,935 trserial.py[line:102] INFO 接收文件大小(字节):0
2020-07-30 09:43:09,935 trserial.py[line:20] INFO 测试发送文件...
2020-07-30 09:43:09,936 trserial.py[line:109] INFO 测试接收文件完成
2020-07-30 09:43:09,937 trserial.py[line:21] INFO 发送文件大小(字节):17
2020-07-30 09:43:09,992 trserial.py[line:88] INFO 测试接收文件...
2020-07-30 09:43:10,010 trserial.py[line:99] INFO 接收文件完成...
2020-07-30 09:43:10,034 trserial.py[line:102] INFO 接收文件大小(字节):0
2020-07-30 09:43:10,051 trserial.py[line:109] INFO 测试接收文件完成
2020-07-30 09:43:10,051 trserial.py[line:45] INFO 文件传输完成...
2020-07-30 09:43:10,052 trserial.py[line:50] INFO 测试发送文件完成
2020-07-30 09:43:10,059 trserial.py[line:232] INFO read测试文件md5完成
2020-07-30 09:43:10,059 trserial.py[line:238] INFO read测试第5次完成
2020-07-30 09:43:10,060 trserial.py[line:214] INFO read测试第6次
2020-07-30 09:43:10,060 trserial.py[line:216] INFO read测试文件md5...
2020-07-30 09:43:10,061 trserial.py[line:88] INFO 测试接收文件...
2020-07-30 09:43:10,061 trserial.py[line:20] INFO 测试发送文件...
2020-07-30 09:43:10,062 trserial.py[line:99] INFO 接收文件完成...
2020-07-30 09:43:10,063 trserial.py[line:21] INFO 发送文件大小(字节):21
2020-07-30 09:43:10,064 trserial.py[line:102] INFO 接收文件大小(字节):0
2020-07-30 09:43:10,084 trserial.py[line:109] INFO 测试接收文件完成
2020-07-30 09:43:10,155 trserial.py[line:88] INFO 测试接收文件...
2020-07-30 09:43:10,173 trserial.py[line:99] INFO 接收文件完成...
2020-07-30 09:43:10,191 trserial.py[line:102] INFO 接收文件大小(字节):0
2020-07-30 09:43:10,203 trserial.py[line:109] INFO 测试接收文件完成
2020-07-30 09:43:10,203 trserial.py[line:45] INFO 文件传输完成...
2020-07-30 09:43:10,204 trserial.py[line:50] INFO 测试发送文件完成
2020-07-30 09:43:10,204 trserial.py[line:192] INFO write测试文件md5完成
2020-07-30 09:43:10,205 trserial.py[line:197] INFO write测试第3次完成
2020-07-30 09:43:10,205 trserial.py[line:88] INFO 测试接收文件...
2020-07-30 09:43:10,205 trserial.py[line:182] INFO write测试第4次
2020-07-30 09:43:10,206 trserial.py[line:99] INFO 接收文件完成...
2020-07-30 09:43:10,207 trserial.py[line:184] INFO write测试文件md5...
2020-07-30 09:43:10,207 trserial.py[line:102] INFO 接收文件大小(字节):0
2020-07-30 09:43:10,226 trserial.py[line:109] INFO 测试接收文件完成
2020-07-30 09:43:10,310 trserial.py[line:232] INFO read测试文件md5完成
2020-07-30 09:43:10,310 trserial.py[line:238] INFO read测试第6次完成
2020-07-30 09:43:10,311 trserial.py[line:214] INFO read测试第7次
2020-07-30 09:43:10,311 trserial.py[line:20] INFO 测试发送文件...
2020-07-30 09:43:10,313 trserial.py[line:216] INFO read测试文件md5...
2020-07-30 09:43:10,314 trserial.py[line:21] INFO 发送文件大小(字节):17
2020-07-30 09:43:10,314 trserial.py[line:88] INFO 测试接收文件...
2020-07-30 09:43:10,333 trserial.py[line:99] INFO 接收文件完成...
2020-07-30 09:43:10,357 trserial.py[line:102] INFO 接收文件大小(字节):0
2020-07-30 09:43:10,369 trserial.py[line:109] INFO 测试接收文件完成
2020-07-30 09:43:10,369 trserial.py[line:45] INFO 文件传输完成...
2020-07-30 09:43:10,369 trserial.py[line:50] INFO 测试发送文件完成
2020-07-30 09:43:10,401 trserial.py[line:88] INFO 测试接收文件...
2020-07-30 09:43:10,401 trserial.py[line:99] INFO 接收文件完成...
2020-07-30 09:43:10,402 trserial.py[line:20] INFO 测试发送文件...
2020-07-30 09:43:10,403 trserial.py[line:102] INFO 接收文件大小(字节):0
2020-07-30 09:43:10,405 trserial.py[line:21] INFO 发送文件大小(字节):17
2020-07-30 09:43:10,405 trserial.py[line:109] INFO 测试接收文件完成
2020-07-30 09:43:10,495 trserial.py[line:88] INFO 测试接收文件...
2020-07-30 09:43:10,507 trserial.py[line:99] INFO 接收文件完成...
2020-07-30 09:43:10,531 trserial.py[line:102] INFO 接收文件大小(字节):0
2020-07-30 09:43:10,549 trserial.py[line:109] INFO 测试接收文件完成
2020-07-30 09:43:10,549 trserial.py[line:45] INFO 文件传输完成...
2020-07-30 09:43:10,550 trserial.py[line:50] INFO 测试发送文件完成
2020-07-30 09:43:10,551 trserial.py[line:232] INFO read测试文件md5完成
2020-07-30 09:43:10,553 trserial.py[line:238] INFO read测试第7次完成
2020-07-30 09:43:10,553 trserial.py[line:214] INFO read测试第8次
2020-07-30 09:43:10,554 trserial.py[line:216] INFO read测试文件md5...
2020-07-30 09:43:10,554 trserial.py[line:20] INFO 测试发送文件...
2020-07-30 09:43:10,555 trserial.py[line:88] INFO 测试接收文件...
2020-07-30 09:43:10,555 trserial.py[line:21] INFO 发送文件大小(字节):21
2020-07-30 09:43:10,556 trserial.py[line:99] INFO 接收文件完成...
2020-07-30 09:43:10,581 trserial.py[line:102] INFO 接收文件大小(字节):0
2020-07-30 09:43:10,599 trserial.py[line:109] INFO 测试接收文件完成
2020-07-30 09:43:10,671 trserial.py[line:88] INFO 测试接收文件...
2020-07-30 09:43:10,689 trserial.py[line:99] INFO 接收文件完成...
2020-07-30 09:43:10,706 trserial.py[line:102] INFO 接收文件大小(字节):0
2020-07-30 09:43:10,724 trserial.py[line:109] INFO 测试接收文件完成
2020-07-30 09:43:10,724 trserial.py[line:45] INFO 文件传输完成...
2020-07-30 09:43:10,726 trserial.py[line:88] INFO 测试接收文件...
2020-07-30 09:43:10,727 trserial.py[line:50] INFO 测试发送文件完成
2020-07-30 09:43:10,728 trserial.py[line:99] INFO 接收文件完成...
2020-07-30 09:43:10,728 trserial.py[line:192] INFO write测试文件md5完成
2020-07-30 09:43:10,729 trserial.py[line:102] INFO 接收文件大小(字节):0
2020-07-30 09:43:10,730 trserial.py[line:197] INFO write测试第4次完成
2020-07-30 09:43:10,730 trserial.py[line:109] INFO 测试接收文件完成
2020-07-30 09:43:10,731 trserial.py[line:182] INFO write测试第5次
2020-07-30 09:43:10,732 trserial.py[line:184] INFO write测试文件md5...
2020-07-30 09:43:10,766 trserial.py[line:232] INFO read测试文件md5完成
2020-07-30 09:43:10,766 trserial.py[line:238] INFO read测试第8次完成
2020-07-30 09:43:10,767 trserial.py[line:214] INFO read测试第9次
2020-07-30 09:43:10,768 trserial.py[line:20] INFO 测试发送文件...
2020-07-30 09:43:10,769 trserial.py[line:216] INFO read测试文件md5...
2020-07-30 09:43:10,770 trserial.py[line:21] INFO 发送文件大小(字节):17
2020-07-30 09:43:10,770 trserial.py[line:88] INFO 测试接收文件...
2020-07-30 09:43:10,782 trserial.py[line:99] INFO 接收文件完成...
2020-07-30 09:43:10,806 trserial.py[line:102] INFO 接收文件大小(字节):0
2020-07-30 09:43:10,824 trserial.py[line:109] INFO 测试接收文件完成
2020-07-30 09:43:10,824 trserial.py[line:45] INFO 文件传输完成...
2020-07-30 09:43:10,827 trserial.py[line:50] INFO 测试发送文件完成
2020-07-30 09:43:10,857 trserial.py[line:88] INFO 测试接收文件...
2020-07-30 09:43:10,857 trserial.py[line:99] INFO 接收文件完成...
2020-07-30 09:43:10,860 trserial.py[line:20] INFO 测试发送文件...
2020-07-30 09:43:10,862 trserial.py[line:102] INFO 接收文件大小(字节):0
2020-07-30 09:43:10,862 trserial.py[line:21] INFO 发送文件大小(字节):17
2020-07-30 09:43:10,862 trserial.py[line:109] INFO 测试接收文件完成
2020-07-30 09:43:10,941 trserial.py[line:88] INFO 测试接收文件...
2020-07-30 09:43:10,953 trserial.py[line:99] INFO 接收文件完成...
2020-07-30 09:43:10,971 trserial.py[line:102] INFO 接收文件大小(字节):0
2020-07-30 09:43:10,977 trserial.py[line:109] INFO 测试接收文件完成
2020-07-30 09:43:10,977 trserial.py[line:45] INFO 文件传输完成...
2020-07-30 09:43:10,978 trserial.py[line:50] INFO 测试发送文件完成
2020-07-30 09:43:11,007 trserial.py[line:232] INFO read测试文件md5完成
2020-07-30 09:43:11,007 trserial.py[line:238] INFO read测试第9次完成
2020-07-30 09:43:11,009 trserial.py[line:214] INFO read测试第10次
2020-07-30 09:43:11,010 trserial.py[line:216] INFO read测试文件md5...
2020-07-30 09:43:11,010 trserial.py[line:20] INFO 测试发送文件...
2020-07-30 09:43:11,011 trserial.py[line:88] INFO 测试接收文件...
2020-07-30 09:43:11,012 trserial.py[line:21] INFO 发送文件大小(字节):21
2020-07-30 09:43:11,013 trserial.py[line:99] INFO 接收文件完成...
2020-07-30 09:43:11,037 trserial.py[line:102] INFO 接收文件大小(字节):0
2020-07-30 09:43:11,049 trserial.py[line:109] INFO 测试接收文件完成
2020-07-30 09:43:11,121 trserial.py[line:88] INFO 测试接收文件...
2020-07-30 09:43:11,133 trserial.py[line:99] INFO 接收文件完成...
2020-07-30 09:43:11,150 trserial.py[line:102] INFO 接收文件大小(字节):0
2020-07-30 09:43:11,161 trserial.py[line:109] INFO 测试接收文件完成
2020-07-30 09:43:11,161 trserial.py[line:45] INFO 文件传输完成...
2020-07-30 09:43:11,162 trserial.py[line:50] INFO 测试发送文件完成
2020-07-30 09:43:11,162 trserial.py[line:192] INFO write测试文件md5完成
2020-07-30 09:43:11,163 trserial.py[line:88] INFO 测试接收文件...
2020-07-30 09:43:11,163 trserial.py[line:197] INFO write测试第5次完成
2020-07-30 09:43:11,164 trserial.py[line:99] INFO 接收文件完成...
2020-07-30 09:43:11,164 trserial.py[line:182] INFO write测试第6次
2020-07-30 09:43:11,165 trserial.py[line:102] INFO 接收文件大小(字节):0
2020-07-30 09:43:11,165 trserial.py[line:184] INFO write测试文件md5...
2020-07-30 09:43:11,166 trserial.py[line:109] INFO 测试接收文件完成
2020-07-30 09:43:11,244 trserial.py[line:232] INFO read测试文件md5完成
2020-07-30 09:43:11,244 trserial.py[line:238] INFO read测试第10次完成
2020-07-30 09:43:11,245 trserial.py[line:245] INFO receive over
2020-07-30 09:43:11,245 trserial.py[line:20] INFO 测试发送文件...
2020-07-30 09:43:11,248 trserial.py[line:21] INFO 发送文件大小(字节):17
2020-07-30 09:45:06,915 trserial.py[line:178] INFO start test send ...
2020-07-30 09:45:06,915 trserial.py[line:210] INFO start test receive ...
2020-07-30 09:45:06,916 trserial.py[line:182] INFO write测试第1次
2020-07-30 09:45:06,916 trserial.py[line:214] INFO read测试第1次
2020-07-30 09:45:06,916 trserial.py[line:184] INFO write测试文件md5...
2020-07-30 09:45:06,916 trserial.py[line:216] INFO read测试文件md5...
2020-07-30 09:45:06,917 trserial.py[line:88] INFO 测试接收文件...
2020-07-30 09:45:06,946 trserial.py[line:20] INFO 测试发送文件...
2020-07-30 09:45:06,963 trserial.py[line:21] INFO 发送文件大小(字节):17
2020-07-30 09:45:06,994 trserial.py[line:99] INFO 接收文件完成...
2020-07-30 09:45:07,021 trserial.py[line:102] INFO 接收文件大小(字节):0
2020-07-30 09:45:07,038 trserial.py[line:109] INFO 测试接收文件完成
2020-07-30 09:45:07,038 trserial.py[line:45] INFO 文件传输完成...
2020-07-30 09:45:07,038 trserial.py[line:50] INFO 测试发送文件完成
2020-07-30 09:45:07,103 trserial.py[line:88] INFO 测试接收文件...
2020-07-30 09:45:07,103 trserial.py[line:99] INFO 接收文件完成...
2020-07-30 09:45:07,103 trserial.py[line:102] INFO 接收文件大小(字节):0
2020-07-30 09:45:07,104 trserial.py[line:109] INFO 测试接收文件完成
2020-07-30 09:45:07,104 trserial.py[line:20] INFO 测试发送文件...
2020-07-30 09:45:07,105 trserial.py[line:21] INFO 发送文件大小(字节):17
2020-07-30 09:45:07,141 trserial.py[line:88] INFO 测试接收文件...
2020-07-30 09:45:07,162 trserial.py[line:99] INFO 接收文件完成...
2020-07-30 09:45:07,218 trserial.py[line:102] INFO 接收文件大小(字节):0
2020-07-30 09:45:07,233 trserial.py[line:109] INFO 测试接收文件完成
2020-07-30 09:45:07,233 trserial.py[line:45] INFO 文件传输完成...
2020-07-30 09:45:07,234 trserial.py[line:50] INFO 测试发送文件完成
2020-07-30 09:45:07,288 trserial.py[line:232] INFO read测试文件md5完成
2020-07-30 09:45:07,289 trserial.py[line:238] INFO read测试第1次完成
2020-07-30 09:45:07,289 trserial.py[line:214] INFO read测试第2次
2020-07-30 09:45:07,289 trserial.py[line:216] INFO read测试文件md5...
2020-07-30 09:45:07,290 trserial.py[line:88] INFO 测试接收文件...
2020-07-30 09:45:07,291 trserial.py[line:20] INFO 测试发送文件...
2020-07-30 09:45:07,291 trserial.py[line:99] INFO 接收文件完成...
2020-07-30 09:45:07,292 trserial.py[line:21] INFO 发送文件大小(字节):21
2020-07-30 09:45:07,299 trserial.py[line:102] INFO 接收文件大小(字节):0
2020-07-30 09:45:07,317 trserial.py[line:109] INFO 测试接收文件完成
2020-07-30 09:45:07,389 trserial.py[line:88] INFO 测试接收文件...
2020-07-30 09:45:07,401 trserial.py[line:99] INFO 接收文件完成...
2020-07-30 09:45:07,419 trserial.py[line:102] INFO 接收文件大小(字节):0
2020-07-30 09:45:07,436 trserial.py[line:109] INFO 测试接收文件完成
2020-07-30 09:45:07,436 trserial.py[line:45] INFO 文件传输完成...
2020-07-30 09:45:07,438 trserial.py[line:88] INFO 测试接收文件...
2020-07-30 09:45:07,447 trserial.py[line:50] INFO 测试发送文件完成
2020-07-30 09:45:07,451 trserial.py[line:99] INFO 接收文件完成...
2020-07-30 09:45:07,454 trserial.py[line:192] INFO write测试文件md5完成
2020-07-30 09:45:07,458 trserial.py[line:102] INFO 接收文件大小(字节):0
2020-07-30 09:45:07,459 trserial.py[line:109] INFO 测试接收文件完成
2020-07-30 09:45:07,459 trserial.py[line:197] INFO write测试第1次完成
2020-07-30 09:45:07,470 trserial.py[line:182] INFO write测试第2次
2020-07-30 09:45:07,472 trserial.py[line:232] INFO read测试文件md5完成
2020-07-30 09:45:07,473 trserial.py[line:184] INFO write测试文件md5...
2020-07-30 09:45:07,474 trserial.py[line:238] INFO read测试第2次完成
2020-07-30 09:45:07,475 trserial.py[line:214] INFO read测试第3次
2020-07-30 09:45:07,475 trserial.py[line:216] INFO read测试文件md5...
2020-07-30 09:45:07,476 trserial.py[line:88] INFO 测试接收文件...
2020-07-30 09:45:07,489 trserial.py[line:20] INFO 测试发送文件...
2020-07-30 09:45:07,507 trserial.py[line:21] INFO 发送文件大小(字节):17
2020-07-30 09:45:07,543 trserial.py[line:99] INFO 接收文件完成...
2020-07-30 09:45:07,567 trserial.py[line:102] INFO 接收文件大小(字节):0
2020-07-30 09:45:07,572 trserial.py[line:109] INFO 测试接收文件完成
2020-07-30 09:45:07,572 trserial.py[line:45] INFO 文件传输完成...
2020-07-30 09:45:07,573 trserial.py[line:50] INFO 测试发送文件完成
2020-07-30 09:45:07,609 trserial.py[line:88] INFO 测试接收文件...
2020-07-30 09:45:07,609 trserial.py[line:99] INFO 接收文件完成...
2020-07-30 09:45:07,611 trserial.py[line:102] INFO 接收文件大小(字节):0
2020-07-30 09:45:07,611 trserial.py[line:20] INFO 测试发送文件...
2020-07-30 09:45:07,612 trserial.py[line:109] INFO 测试接收文件完成
2020-07-30 09:45:07,613 trserial.py[line:21] INFO 发送文件大小(字节):17
2020-07-30 09:45:07,686 trserial.py[line:88] INFO 测试接收文件...
2020-07-30 09:45:07,698 trserial.py[line:99] INFO 接收文件完成...
2020-07-30 09:45:07,721 trserial.py[line:102] INFO 接收文件大小(字节):0
2020-07-30 09:45:07,739 trserial.py[line:109] INFO 测试接收文件完成
2020-07-30 09:45:07,739 trserial.py[line:45] INFO 文件传输完成...
2020-07-30 09:45:07,740 trserial.py[line:50] INFO 测试发送文件完成
2020-07-30 09:45:07,741 trserial.py[line:232] INFO read测试文件md5完成
2020-07-30 09:45:07,743 trserial.py[line:238] INFO read测试第3次完成
2020-07-30 09:45:07,743 trserial.py[line:214] INFO read测试第4次
2020-07-30 09:45:07,744 trserial.py[line:216] INFO read测试文件md5...
2020-07-30 09:45:07,744 trserial.py[line:20] INFO 测试发送文件...
2020-07-30 09:45:07,745 trserial.py[line:88] INFO 测试接收文件...
2020-07-30 09:45:07,746 trserial.py[line:21] INFO 发送文件大小(字节):21
2020-07-30 09:45:07,746 trserial.py[line:99] INFO 接收文件完成...
2020-07-30 09:45:07,770 trserial.py[line:102] INFO 接收文件大小(字节):0
2020-07-30 09:45:07,788 trserial.py[line:109] INFO 测试接收文件完成
2020-07-30 09:45:07,866 trserial.py[line:88] INFO 测试接收文件...
2020-07-30 09:45:07,878 trserial.py[line:99] INFO 接收文件完成...
2020-07-30 09:45:07,896 trserial.py[line:102] INFO 接收文件大小(字节):0
2020-07-30 09:45:07,914 trserial.py[line:109] INFO 测试接收文件完成
2020-07-30 09:45:07,914 trserial.py[line:45] INFO 文件传输完成...
2020-07-30 09:45:07,916 trserial.py[line:50] INFO 测试发送文件完成
2020-07-30 09:45:07,917 trserial.py[line:88] INFO 测试接收文件...
2020-07-30 09:45:07,918 trserial.py[line:192] INFO write测试文件md5完成
2020-07-30 09:45:07,918 trserial.py[line:99] INFO 接收文件完成...
2020-07-30 09:45:07,919 trserial.py[line:197] INFO write测试第2次完成
2020-07-30 09:45:07,921 trserial.py[line:182] INFO write测试第3次
2020-07-30 09:45:07,921 trserial.py[line:102] INFO 接收文件大小(字节):0
2020-07-30 09:45:07,921 trserial.py[line:184] INFO write测试文件md5...
2020-07-30 09:45:07,923 trserial.py[line:109] INFO 测试接收文件完成
2020-07-30 09:45:08,019 trserial.py[line:232] INFO read测试文件md5完成
2020-07-30 09:45:08,020 trserial.py[line:238] INFO read测试第4次完成
2020-07-30 09:45:08,021 trserial.py[line:214] INFO read测试第5次
2020-07-30 09:45:08,021 trserial.py[line:20] INFO 测试发送文件...
2020-07-30 09:45:08,023 trserial.py[line:216] INFO read测试文件md5...
2020-07-30 09:45:08,024 trserial.py[line:21] INFO 发送文件大小(字节):17
2020-07-30 09:45:08,024 trserial.py[line:88] INFO 测试接收文件...
2020-07-30 09:45:08,043 trserial.py[line:99] INFO 接收文件完成...
2020-07-30 09:45:08,067 trserial.py[line:102] INFO 接收文件大小(字节):0
2020-07-30 09:45:08,085 trserial.py[line:109] INFO 测试接收文件完成
2020-07-30 09:45:08,085 trserial.py[line:45] INFO 文件传输完成...
2020-07-30 09:45:08,087 trserial.py[line:50] INFO 测试发送文件完成
2020-07-30 09:45:08,088 trserial.py[line:88] INFO 测试接收文件...
2020-07-30 09:45:08,090 trserial.py[line:99] INFO 接收文件完成...
2020-07-30 09:45:08,090 trserial.py[line:102] INFO 接收文件大小(字节):0
2020-07-30 09:45:08,090 trserial.py[line:109] INFO 测试接收文件完成
2020-07-30 09:45:08,092 trserial.py[line:20] INFO 测试发送文件...
2020-07-30 09:45:08,093 trserial.py[line:21] INFO 发送文件大小(字节):17
2020-07-30 09:45:08,136 trserial.py[line:88] INFO 测试接收文件...
2020-07-30 09:45:08,154 trserial.py[line:99] INFO 接收文件完成...
2020-07-30 09:45:08,178 trserial.py[line:102] INFO 接收文件大小(字节):0
2020-07-30 09:45:08,196 trserial.py[line:109] INFO 测试接收文件完成
2020-07-30 09:45:08,196 trserial.py[line:45] INFO 文件传输完成...
2020-07-30 09:45:08,197 trserial.py[line:50] INFO 测试发送文件完成
2020-07-30 09:45:08,198 trserial.py[line:232] INFO read测试文件md5完成
2020-07-30 09:45:08,200 trserial.py[line:238] INFO read测试第5次完成
2020-07-30 09:45:08,200 trserial.py[line:214] INFO read测试第6次
2020-07-30 09:45:08,201 trserial.py[line:216] INFO read测试文件md5...
2020-07-30 09:45:08,201 trserial.py[line:88] INFO 测试接收文件...
2020-07-30 09:45:08,202 trserial.py[line:99] INFO 接收文件完成...
2020-07-30 09:45:08,203 trserial.py[line:20] INFO 测试发送文件...
2020-07-30 09:45:08,203 trserial.py[line:102] INFO 接收文件大小(字节):0
2020-07-30 09:45:08,205 trserial.py[line:21] INFO 发送文件大小(字节):21
2020-07-30 09:45:08,205 trserial.py[line:109] INFO 测试接收文件完成
2020-07-30 09:45:08,294 trserial.py[line:88] INFO 测试接收文件...
2020-07-30 09:45:08,312 trserial.py[line:99] INFO 接收文件完成...
2020-07-30 09:45:08,334 trserial.py[line:102] INFO 接收文件大小(字节):0
2020-07-30 09:45:08,346 trserial.py[line:109] INFO 测试接收文件完成
2020-07-30 09:45:08,346 trserial.py[line:45] INFO 文件传输完成...
2020-07-30 09:45:08,347 trserial.py[line:50] INFO 测试发送文件完成
2020-07-30 09:45:08,347 trserial.py[line:192] INFO write测试文件md5完成
2020-07-30 09:45:08,348 trserial.py[line:197] INFO write测试第3次完成
2020-07-30 09:45:08,348 trserial.py[line:88] INFO 测试接收文件...
2020-07-30 09:45:08,348 trserial.py[line:182] INFO write测试第4次
2020-07-30 09:45:08,349 trserial.py[line:99] INFO 接收文件完成...
2020-07-30 09:45:08,350 trserial.py[line:184] INFO write测试文件md5...
2020-07-30 09:45:08,350 trserial.py[line:102] INFO 接收文件大小(字节):0
2020-07-30 09:45:08,368 trserial.py[line:109] INFO 测试接收文件完成
2020-07-30 09:45:08,457 trserial.py[line:232] INFO read测试文件md5完成
2020-07-30 09:45:08,457 trserial.py[line:238] INFO read测试第6次完成
2020-07-30 09:45:08,459 trserial.py[line:214] INFO read测试第7次
2020-07-30 09:45:08,459 trserial.py[line:20] INFO 测试发送文件...
2020-07-30 09:45:08,459 trserial.py[line:216] INFO read测试文件md5...
2020-07-30 09:45:08,470 trserial.py[line:21] INFO 发送文件大小(字节):17
2020-07-30 09:45:08,471 trserial.py[line:88] INFO 测试接收文件...
2020-07-30 09:45:08,483 trserial.py[line:99] INFO 接收文件完成...
2020-07-30 09:45:08,506 trserial.py[line:102] INFO 接收文件大小(字节):0
2020-07-30 09:45:08,524 trserial.py[line:109] INFO 测试接收文件完成
2020-07-30 09:45:08,524 trserial.py[line:45] INFO 文件传输完成...
2020-07-30 09:45:08,525 trserial.py[line:50] INFO 测试发送文件完成
2020-07-30 09:45:08,526 trserial.py[line:88] INFO 测试接收文件...
2020-07-30 09:45:08,528 trserial.py[line:99] INFO 接收文件完成...
2020-07-30 09:45:08,529 trserial.py[line:102] INFO 接收文件大小(字节):0
2020-07-30 09:45:08,529 trserial.py[line:20] INFO 测试发送文件...
2020-07-30 09:45:08,529 trserial.py[line:109] INFO 测试接收文件完成
2020-07-30 09:45:08,530 trserial.py[line:21] INFO 发送文件大小(字节):17
2020-07-30 09:45:08,590 trserial.py[line:88] INFO 测试接收文件...
2020-07-30 09:45:08,619 trserial.py[line:99] INFO 接收文件完成...
2020-07-30 09:45:08,643 trserial.py[line:102] INFO 接收文件大小(字节):0
2020-07-30 09:45:08,661 trserial.py[line:109] INFO 测试接收文件完成
2020-07-30 09:45:08,661 trserial.py[line:45] INFO 文件传输完成...
2020-07-30 09:45:08,663 trserial.py[line:50] INFO 测试发送文件完成
2020-07-30 09:45:08,663 trserial.py[line:232] INFO read测试文件md5完成
2020-07-30 09:45:08,666 trserial.py[line:238] INFO read测试第7次完成
2020-07-30 09:45:08,666 trserial.py[line:214] INFO read测试第8次
2020-07-30 09:45:08,667 trserial.py[line:216] INFO read测试文件md5...
2020-07-30 09:45:08,667 trserial.py[line:88] INFO 测试接收文件...
2020-07-30 09:45:08,668 trserial.py[line:99] INFO 接收文件完成...
2020-07-30 09:45:08,668 trserial.py[line:20] INFO 测试发送文件...
2020-07-30 09:45:08,669 trserial.py[line:102] INFO 接收文件大小(字节):0
2020-07-30 09:45:08,671 trserial.py[line:21] INFO 发送文件大小(字节):21
2020-07-30 09:45:08,672 trserial.py[line:109] INFO 测试接收文件完成
2020-07-30 09:45:08,770 trserial.py[line:88] INFO 测试接收文件...
2020-07-30 09:45:08,788 trserial.py[line:99] INFO 接收文件完成...
2020-07-30 09:45:08,806 trserial.py[line:102] INFO 接收文件大小(字节):0
2020-07-30 09:45:08,824 trserial.py[line:109] INFO 测试接收文件完成
2020-07-30 09:45:08,824 trserial.py[line:45] INFO 文件传输完成...
2020-07-30 09:45:08,826 trserial.py[line:50] INFO 测试发送文件完成
2020-07-30 09:45:08,826 trserial.py[line:88] INFO 测试接收文件...
2020-07-30 09:45:08,826 trserial.py[line:192] INFO write测试文件md5完成
2020-07-30 09:45:08,828 trserial.py[line:99] INFO 接收文件完成...
2020-07-30 09:45:08,829 trserial.py[line:197] INFO write测试第4次完成
2020-07-30 09:45:08,829 trserial.py[line:102] INFO 接收文件大小(字节):0
2020-07-30 09:45:08,830 trserial.py[line:109] INFO 测试接收文件完成
2020-07-30 09:45:08,830 trserial.py[line:182] INFO write测试第5次
2020-07-30 09:45:08,831 trserial.py[line:184] INFO write测试文件md5...
2020-07-30 09:45:08,894 trserial.py[line:232] INFO read测试文件md5完成
2020-07-30 09:45:08,894 trserial.py[line:238] INFO read测试第8次完成
2020-07-30 09:45:08,895 trserial.py[line:214] INFO read测试第9次
2020-07-30 09:45:08,896 trserial.py[line:20] INFO 测试发送文件...
2020-07-30 09:45:08,898 trserial.py[line:216] INFO read测试文件md5...
2020-07-30 09:45:08,899 trserial.py[line:21] INFO 发送文件大小(字节):17
2020-07-30 09:45:08,899 trserial.py[line:88] INFO 测试接收文件...
2020-07-30 09:45:08,911 trserial.py[line:99] INFO 接收文件完成...
2020-07-30 09:45:08,934 trserial.py[line:102] INFO 接收文件大小(字节):0
2020-07-30 09:45:08,945 trserial.py[line:109] INFO 测试接收文件完成
2020-07-30 09:45:08,945 trserial.py[line:45] INFO 文件传输完成...
2020-07-30 09:45:08,946 trserial.py[line:50] INFO 测试发送文件完成
2020-07-30 09:45:08,980 trserial.py[line:88] INFO 测试接收文件...
2020-07-30 09:45:08,980 trserial.py[line:99] INFO 接收文件完成...
2020-07-30 09:45:08,981 trserial.py[line:20] INFO 测试发送文件...
2020-07-30 09:45:08,982 trserial.py[line:102] INFO 接收文件大小(字节):0
2020-07-30 09:45:08,984 trserial.py[line:21] INFO 发送文件大小(字节):17
2020-07-30 09:45:08,984 trserial.py[line:109] INFO 测试接收文件完成
2020-07-30 09:45:09,050 trserial.py[line:88] INFO 测试接收文件...
2020-07-30 09:45:09,062 trserial.py[line:99] INFO 接收文件完成...
2020-07-30 09:45:09,086 trserial.py[line:102] INFO 接收文件大小(字节):0
2020-07-30 09:45:09,104 trserial.py[line:109] INFO 测试接收文件完成
2020-07-30 09:45:09,104 trserial.py[line:45] INFO 文件传输完成...
2020-07-30 09:45:09,105 trserial.py[line:50] INFO 测试发送文件完成
2020-07-30 09:45:09,136 trserial.py[line:232] INFO read测试文件md5完成
2020-07-30 09:45:09,136 trserial.py[line:238] INFO read测试第9次完成
2020-07-30 09:45:09,138 trserial.py[line:214] INFO read测试第10次
2020-07-30 09:45:09,138 trserial.py[line:20] INFO 测试发送文件...
2020-07-30 09:45:09,140 trserial.py[line:216] INFO read测试文件md5...
2020-07-30 09:45:09,141 trserial.py[line:88] INFO 测试接收文件...
2020-07-30 09:45:09,141 trserial.py[line:21] INFO 发送文件大小(字节):21
2020-07-30 09:45:09,141 trserial.py[line:99] INFO 接收文件完成...
2020-07-30 09:45:09,166 trserial.py[line:102] INFO 接收文件大小(字节):0
2020-07-30 09:45:09,184 trserial.py[line:109] INFO 测试接收文件完成
2020-07-30 09:45:09,261 trserial.py[line:88] INFO 测试接收文件...
2020-07-30 09:45:09,272 trserial.py[line:99] INFO 接收文件完成...
2020-07-30 09:45:09,290 trserial.py[line:102] INFO 接收文件大小(字节):0
2020-07-30 09:45:09,308 trserial.py[line:109] INFO 测试接收文件完成
2020-07-30 09:45:09,308 trserial.py[line:45] INFO 文件传输完成...
2020-07-30 09:45:09,309 trserial.py[line:50] INFO 测试发送文件完成
2020-07-30 09:45:09,310 trserial.py[line:88] INFO 测试接收文件...
2020-07-30 09:45:09,311 trserial.py[line:192] INFO write测试文件md5完成
2020-07-30 09:45:09,312 trserial.py[line:99] INFO 接收文件完成...
2020-07-30 09:45:09,312 trserial.py[line:197] INFO write测试第5次完成
2020-07-30 09:45:09,313 trserial.py[line:102] INFO 接收文件大小(字节):0
2020-07-30 09:45:09,313 trserial.py[line:182] INFO write测试第6次
2020-07-30 09:45:09,314 trserial.py[line:109] INFO 测试接收文件完成
2020-07-30 09:45:09,314 trserial.py[line:184] INFO write测试文件md5...
2020-07-30 09:45:09,376 trserial.py[line:232] INFO read测试文件md5完成
2020-07-30 09:45:09,376 trserial.py[line:238] INFO read测试第10次完成
2020-07-30 09:45:09,378 trserial.py[line:20] INFO 测试发送文件...
2020-07-30 09:45:09,378 trserial.py[line:245] INFO receive over
2020-07-30 09:45:09,380 trserial.py[line:21] INFO 发送文件大小(字节):17
2020-07-30 09:46:47,969 trserial.py[line:178] INFO start test send ...
2020-07-30 09:46:47,969 trserial.py[line:210] INFO start test receive ...
2020-07-30 09:46:47,969 trserial.py[line:182] INFO write测试第1次
2020-07-30 09:46:47,970 trserial.py[line:214] INFO read测试第1次
2020-07-30 09:46:47,970 trserial.py[line:197] INFO write测试第1次完成
2020-07-30 09:46:47,970 trserial.py[line:238] INFO read测试第1次完成
2020-07-30 09:46:47,970 trserial.py[line:182] INFO write测试第2次
2020-07-30 09:46:47,970 trserial.py[line:214] INFO read测试第2次
2020-07-30 09:46:47,970 trserial.py[line:197] INFO write测试第2次完成
2020-07-30 09:46:47,971 trserial.py[line:238] INFO read测试第2次完成
2020-07-30 09:46:47,971 trserial.py[line:182] INFO write测试第3次
2020-07-30 09:46:47,971 trserial.py[line:214] INFO read测试第3次
2020-07-30 09:46:47,971 trserial.py[line:197] INFO write测试第3次完成
2020-07-30 09:46:47,971 trserial.py[line:238] INFO read测试第3次完成
2020-07-30 09:46:47,971 trserial.py[line:182] INFO write测试第4次
2020-07-30 09:46:47,972 trserial.py[line:214] INFO read测试第4次
2020-07-30 09:46:47,973 trserial.py[line:197] INFO write测试第4次完成
2020-07-30 09:46:47,973 trserial.py[line:238] INFO read测试第4次完成
2020-07-30 09:46:47,973 trserial.py[line:182] INFO write测试第5次
2020-07-30 09:46:47,973 trserial.py[line:214] INFO read测试第5次
2020-07-30 09:46:47,973 trserial.py[line:197] INFO write测试第5次完成
2020-07-30 09:46:47,974 trserial.py[line:238] INFO read测试第5次完成
2020-07-30 09:46:47,974 trserial.py[line:182] INFO write测试第6次
2020-07-30 09:46:47,974 trserial.py[line:214] INFO read测试第6次
2020-07-30 09:46:47,974 trserial.py[line:197] INFO write测试第6次完成
2020-07-30 09:46:47,974 trserial.py[line:238] INFO read测试第6次完成
2020-07-30 09:46:47,975 trserial.py[line:182] INFO write测试第7次
2020-07-30 09:46:47,975 trserial.py[line:214] INFO read测试第7次
2020-07-30 09:46:47,975 trserial.py[line:197] INFO write测试第7次完成
2020-07-30 09:46:47,975 trserial.py[line:238] INFO read测试第7次完成
2020-07-30 09:46:47,976 trserial.py[line:182] INFO write测试第8次
2020-07-30 09:46:47,977 trserial.py[line:197] INFO write测试第8次完成
2020-07-30 09:46:47,977 trserial.py[line:214] INFO read测试第8次
2020-07-30 09:46:47,978 trserial.py[line:238] INFO read测试第8次完成
2020-07-30 09:46:47,978 trserial.py[line:182] INFO write测试第9次
2020-07-30 09:46:47,979 trserial.py[line:214] INFO read测试第9次
2020-07-30 09:46:47,980 trserial.py[line:197] INFO write测试第9次完成
2020-07-30 09:46:47,980 trserial.py[line:238] INFO read测试第9次完成
2020-07-30 09:46:47,982 trserial.py[line:182] INFO write测试第10次
2020-07-30 09:46:47,984 trserial.py[line:214] INFO read测试第10次
2020-07-30 09:46:47,984 trserial.py[line:197] INFO write测试第10次完成
2020-07-30 09:46:47,986 trserial.py[line:238] INFO read测试第10次完成
2020-07-30 09:46:47,987 trserial.py[line:202] INFO write测试发送速率...
2020-07-30 09:46:47,987 trserial.py[line:242] INFO read测试接收速率...
2020-07-30 09:46:47,988 trserial.py[line:138] INFO 测试10次发送速率...
2020-07-30 09:46:47,989 trserial.py[line:155] INFO 测试10次接收速率...
2020-07-30 09:49:20,019 trserial.py[line:178] INFO start test send ...
2020-07-30 09:49:20,019 trserial.py[line:210] INFO start test receive ...
2020-07-30 09:49:20,019 trserial.py[line:182] INFO write测试第1次
2020-07-30 09:49:20,020 trserial.py[line:214] INFO read测试第1次
2020-07-30 09:49:20,020 trserial.py[line:197] INFO write测试第1次完成
2020-07-30 09:49:20,020 trserial.py[line:238] INFO read测试第1次完成
2020-07-30 09:49:20,020 trserial.py[line:182] INFO write测试第2次
2020-07-30 09:49:20,020 trserial.py[line:214] INFO read测试第2次
2020-07-30 09:49:20,020 trserial.py[line:197] INFO write测试第2次完成
2020-07-30 09:49:20,021 trserial.py[line:238] INFO read测试第2次完成
2020-07-30 09:49:20,021 trserial.py[line:182] INFO write测试第3次
2020-07-30 09:49:20,021 trserial.py[line:214] INFO read测试第3次
2020-07-30 09:49:20,021 trserial.py[line:197] INFO write测试第3次完成
2020-07-30 09:49:20,022 trserial.py[line:238] INFO read测试第3次完成
2020-07-30 09:49:20,022 trserial.py[line:182] INFO write测试第4次
2020-07-30 09:49:20,022 trserial.py[line:214] INFO read测试第4次
2020-07-30 09:49:20,022 trserial.py[line:197] INFO write测试第4次完成
2020-07-30 09:49:20,022 trserial.py[line:238] INFO read测试第4次完成
2020-07-30 09:49:20,022 trserial.py[line:182] INFO write测试第5次
2020-07-30 09:49:20,023 trserial.py[line:214] INFO read测试第5次
2020-07-30 09:49:20,023 trserial.py[line:197] INFO write测试第5次完成
2020-07-30 09:49:20,023 trserial.py[line:238] INFO read测试第5次完成
2020-07-30 09:49:20,023 trserial.py[line:182] INFO write测试第6次
2020-07-30 09:49:20,023 trserial.py[line:214] INFO read测试第6次
2020-07-30 09:49:20,024 trserial.py[line:197] INFO write测试第6次完成
2020-07-30 09:49:20,024 trserial.py[line:238] INFO read测试第6次完成
2020-07-30 09:49:20,024 trserial.py[line:182] INFO write测试第7次
2020-07-30 09:49:20,024 trserial.py[line:214] INFO read测试第7次
2020-07-30 09:49:20,024 trserial.py[line:197] INFO write测试第7次完成
2020-07-30 09:49:20,025 trserial.py[line:238] INFO read测试第7次完成
2020-07-30 09:49:20,025 trserial.py[line:182] INFO write测试第8次
2020-07-30 09:49:20,026 trserial.py[line:214] INFO read测试第8次
2020-07-30 09:49:20,026 trserial.py[line:197] INFO write测试第8次完成
2020-07-30 09:49:20,027 trserial.py[line:238] INFO read测试第8次完成
2020-07-30 09:49:20,027 trserial.py[line:182] INFO write测试第9次
2020-07-30 09:49:20,028 trserial.py[line:214] INFO read测试第9次
2020-07-30 09:49:20,028 trserial.py[line:197] INFO write测试第9次完成
2020-07-30 09:49:20,029 trserial.py[line:238] INFO read测试第9次完成
2020-07-30 09:49:20,029 trserial.py[line:182] INFO write测试第10次
2020-07-30 09:49:20,034 trserial.py[line:197] INFO write测试第10次完成
2020-07-30 09:49:20,034 trserial.py[line:202] INFO write测试发送速率...
2020-07-30 09:49:20,035 trserial.py[line:138] INFO 测试10次发送速率...
2020-07-30 09:49:20,032 trserial.py[line:214] INFO read测试第10次
2020-07-30 09:49:20,036 trserial.py[line:238] INFO read测试第10次完成
2020-07-30 09:49:20,036 trserial.py[line:242] INFO read测试接收速率...
2020-07-30 09:49:20,037 trserial.py[line:155] INFO 测试10次接收速率...
2020-07-30 09:49:20,544 trserial.py[line:150] INFO 测试发送速率完成
2020-07-30 09:49:20,545 trserial.py[line:204] INFO write测试发送速率完成
2020-07-30 09:49:20,546 trserial.py[line:205] INFO send over
2020-07-30 09:49:20,548 trserial.py[line:173] INFO 测试接收速率完成
2020-07-30 09:49:20,548 trserial.py[line:244] INFO read测试接收速率完成
2020-07-30 09:49:20,549 trserial.py[line:245] INFO receive over
2020-07-30 09:50:04,314 trserial.py[line:178] INFO start test send ...
2020-07-30 09:50:04,315 trserial.py[line:210] INFO start test receive ...
2020-07-30 09:50:04,315 trserial.py[line:182] INFO write测试第1次
2020-07-30 09:50:04,315 trserial.py[line:214] INFO read测试第1次
2020-07-30 09:50:04,315 trserial.py[line:197] INFO write测试第1次完成
2020-07-30 09:50:04,315 trserial.py[line:238] INFO read测试第1次完成
2020-07-30 09:50:04,316 trserial.py[line:182] INFO write测试第2次
2020-07-30 09:50:04,316 trserial.py[line:214] INFO read测试第2次
2020-07-30 09:50:04,316 trserial.py[line:197] INFO write测试第2次完成
2020-07-30 09:50:04,316 trserial.py[line:238] INFO read测试第2次完成
2020-07-30 09:50:04,316 trserial.py[line:182] INFO write测试第3次
2020-07-30 09:50:04,316 trserial.py[line:214] INFO read测试第3次
2020-07-30 09:50:04,317 trserial.py[line:197] INFO write测试第3次完成
2020-07-30 09:50:04,317 trserial.py[line:238] INFO read测试第3次完成
2020-07-30 09:50:04,317 trserial.py[line:182] INFO write测试第4次
2020-07-30 09:50:04,317 trserial.py[line:214] INFO read测试第4次
2020-07-30 09:50:04,318 trserial.py[line:197] INFO write测试第4次完成
2020-07-30 09:50:04,318 trserial.py[line:238] INFO read测试第4次完成
2020-07-30 09:50:04,318 trserial.py[line:182] INFO write测试第5次
2020-07-30 09:50:04,318 trserial.py[line:214] INFO read测试第5次
2020-07-30 09:50:04,318 trserial.py[line:197] INFO write测试第5次完成
2020-07-30 09:50:04,319 trserial.py[line:238] INFO read测试第5次完成
2020-07-30 09:50:04,322 trserial.py[line:182] INFO write测试第6次
2020-07-30 09:50:04,322 trserial.py[line:214] INFO read测试第6次
2020-07-30 09:50:04,322 trserial.py[line:197] INFO write测试第6次完成
2020-07-30 09:50:04,322 trserial.py[line:238] INFO read测试第6次完成
2020-07-30 09:50:04,322 trserial.py[line:182] INFO write测试第7次
2020-07-30 09:50:04,323 trserial.py[line:214] INFO read测试第7次
2020-07-30 09:50:04,323 trserial.py[line:197] INFO write测试第7次完成
2020-07-30 09:50:04,323 trserial.py[line:238] INFO read测试第7次完成
2020-07-30 09:50:04,323 trserial.py[line:182] INFO write测试第8次
2020-07-30 09:50:04,324 trserial.py[line:214] INFO read测试第8次
2020-07-30 09:50:04,325 trserial.py[line:197] INFO write测试第8次完成
2020-07-30 09:50:04,325 trserial.py[line:238] INFO read测试第8次完成
2020-07-30 09:50:04,326 trserial.py[line:182] INFO write测试第9次
2020-07-30 09:50:04,326 trserial.py[line:214] INFO read测试第9次
2020-07-30 09:50:04,327 trserial.py[line:197] INFO write测试第9次完成
2020-07-30 09:50:04,327 trserial.py[line:238] INFO read测试第9次完成
2020-07-30 09:50:04,328 trserial.py[line:182] INFO write测试第10次
2020-07-30 09:50:04,329 trserial.py[line:214] INFO read测试第10次
2020-07-30 09:50:04,329 trserial.py[line:197] INFO write测试第10次完成
2020-07-30 09:50:04,330 trserial.py[line:238] INFO read测试第10次完成
2020-07-30 09:50:04,332 trserial.py[line:182] INFO write测试第11次
2020-07-30 09:50:04,334 trserial.py[line:197] INFO write测试第11次完成
2020-07-30 09:50:04,332 trserial.py[line:214] INFO read测试第11次
2020-07-30 09:50:04,334 trserial.py[line:182] INFO write测试第12次
2020-07-30 09:50:04,335 trserial.py[line:238] INFO read测试第11次完成
2020-07-30 09:50:04,336 trserial.py[line:214] INFO read测试第12次
2020-07-30 09:50:04,336 trserial.py[line:197] INFO write测试第12次完成
2020-07-30 09:50:04,337 trserial.py[line:238] INFO read测试第12次完成
2020-07-30 09:50:04,338 trserial.py[line:182] INFO write测试第13次
2020-07-30 09:50:04,340 trserial.py[line:214] INFO read测试第13次
2020-07-30 09:50:04,341 trserial.py[line:197] INFO write测试第13次完成
2020-07-30 09:50:04,341 trserial.py[line:238] INFO read测试第13次完成
2020-07-30 09:50:04,342 trserial.py[line:182] INFO write测试第14次
2020-07-30 09:50:04,344 trserial.py[line:214] INFO read测试第14次
2020-07-30 09:50:04,344 trserial.py[line:197] INFO write测试第14次完成
2020-07-30 09:50:04,345 trserial.py[line:238] INFO read测试第14次完成
2020-07-30 09:50:04,346 trserial.py[line:182] INFO write测试第15次
2020-07-30 09:50:04,346 trserial.py[line:214] INFO read测试第15次
2020-07-30 09:50:04,347 trserial.py[line:197] INFO write测试第15次完成
2020-07-30 09:50:04,347 trserial.py[line:238] INFO read测试第15次完成
2020-07-30 09:50:04,348 trserial.py[line:182] INFO write测试第16次
2020-07-30 09:50:04,351 trserial.py[line:197] INFO write测试第16次完成
2020-07-30 09:50:04,349 trserial.py[line:214] INFO read测试第16次
2020-07-30 09:50:04,353 trserial.py[line:182] INFO write测试第17次
2020-07-30 09:50:04,354 trserial.py[line:238] INFO read测试第16次完成
2020-07-30 09:50:04,356 trserial.py[line:214] INFO read测试第17次
2020-07-30 09:50:04,356 trserial.py[line:238] INFO read测试第17次完成
2020-07-30 09:50:04,355 trserial.py[line:197] INFO write测试第17次完成
2020-07-30 09:50:04,357 trserial.py[line:214] INFO read测试第18次
2020-07-30 09:50:04,358 trserial.py[line:182] INFO write测试第18次
2020-07-30 09:50:04,358 trserial.py[line:238] INFO read测试第18次完成
2020-07-30 09:50:04,359 trserial.py[line:197] INFO write测试第18次完成
2020-07-30 09:50:04,360 trserial.py[line:214] INFO read测试第19次
2020-07-30 09:50:04,362 trserial.py[line:182] INFO write测试第19次
2020-07-30 09:50:04,364 trserial.py[line:238] INFO read测试第19次完成
2020-07-30 09:50:04,364 trserial.py[line:197] INFO write测试第19次完成
2020-07-30 09:50:04,365 trserial.py[line:214] INFO read测试第20次
2020-07-30 09:50:04,365 trserial.py[line:182] INFO write测试第20次
2020-07-30 09:50:04,366 trserial.py[line:238] INFO read测试第20次完成
2020-07-30 09:50:04,367 trserial.py[line:197] INFO write测试第20次完成
2020-07-30 09:50:04,367 trserial.py[line:242] INFO read测试接收速率...
2020-07-30 09:50:04,368 trserial.py[line:202] INFO write测试发送速率...
2020-07-30 09:50:04,369 trserial.py[line:138] INFO 测试20次发送速率...
2020-07-30 09:50:04,368 trserial.py[line:155] INFO 测试20次接收速率...
2020-07-30 09:50:05,242 trserial.py[line:150] INFO 测试发送速率完成
2020-07-30 09:50:05,243 trserial.py[line:204] INFO write测试发送速率完成
2020-07-30 09:50:05,244 trserial.py[line:205] INFO send over
2020-07-30 09:50:05,246 trserial.py[line:173] INFO 测试接收速率完成
2020-07-30 09:50:05,246 trserial.py[line:244] INFO read测试接收速率完成
2020-07-30 09:50:05,247 trserial.py[line:245] INFO receive over
2020-07-31 06:31:08,257 tserial.py[line:83] INFO 连接rserver...
2020-07-31 06:31:08,259 tserial.py[line:86] INFO 与rserver没有建立连接...
2020-07-31 06:31:08,259 tserial.py[line:88] INFO ('发送本机设备名称...', 'com7')
2020-07-31 06:31:09,260 tserial.py[line:88] INFO ('发送本机设备名称...', 'com7')
2020-07-31 06:31:10,263 tserial.py[line:88] INFO ('发送本机设备名称...', 'com7')
2020-07-31 06:31:11,264 tserial.py[line:88] INFO ('发送本机设备名称...', 'com7')
2020-07-31 06:31:12,268 tserial.py[line:88] INFO ('发送本机设备名称...', 'com7')
2020-07-31 06:31:13,271 tserial.py[line:88] INFO ('发送本机设备名称...', 'com7')
2020-07-31 06:31:14,275 tserial.py[line:88] INFO ('发送本机设备名称...', 'com7')
2020-07-31 06:31:15,278 tserial.py[line:88] INFO ('发送本机设备名称...', 'com7')
2020-07-31 06:31:37,792 rserial.py[line:179] INFO main receive...
2020-07-31 06:31:37,800 rserial.py[line:42] INFO 与tserver未建立连接...
2020-07-31 06:31:40,801 rserial.py[line:42] INFO 与tserver未建立连接...
2020-07-31 06:31:43,803 rserial.py[line:42] INFO 与tserver未建立连接...
2020-07-31 06:31:46,806 rserial.py[line:42] INFO 与tserver未建立连接...
2020-07-31 06:31:49,807 rserial.py[line:42] INFO 与tserver未建立连接...
2020-07-31 06:31:52,809 rserial.py[line:42] INFO 与tserver未建立连接...
2020-07-31 06:31:55,811 rserial.py[line:42] INFO 与tserver未建立连接...
2020-07-31 06:31:59,686 rserial.py[line:24] INFO ('包含设备名称数据：', '/dev/ttySWK0/dev/tty')
2020-07-31 06:31:59,688 rserial.py[line:29] INFO ('设备名称:', '/dev/ttySWK0')
2020-07-31 06:31:59,692 rserial.py[line:35] INFO 正在建立连接...
2020-07-31 06:40:32,152 rserial.py[line:179] INFO main receive...
2020-07-31 06:40:32,161 rserial.py[line:42] INFO 与tserver未建立连接...
2020-07-31 06:40:35,163 rserial.py[line:24] INFO ('包含设备名称数据：', '/dev/ttySWK0/dev/tty')
2020-07-31 06:40:35,164 rserial.py[line:29] INFO ('设备名称:', '/dev/ttySWK0')
2020-07-31 06:40:35,165 rserial.py[line:35] INFO 正在建立连接...
2020-07-31 06:47:48,215 rserial.py[line:179] INFO main receive...
2020-07-31 06:47:49,229 rserial.py[line:24] INFO ('包含设备名称数据：', '/dev/ttySWK0/dev/tty')
2020-07-31 06:47:49,230 rserial.py[line:29] INFO ('设备名称:', '/dev/ttySWK0')
2020-07-31 06:47:49,232 rserial.py[line:35] INFO 正在建立连接...
2020-07-31 06:47:50,226 rserial.py[line:143] INFO start test receive ...
2020-07-31 06:47:50,227 rserial.py[line:53] INFO 测试接收文件...
2020-07-31 06:51:16,550 rserial.py[line:179] INFO main receive...
2020-07-31 06:51:16,558 rserial.py[line:42] INFO 与tserver未建立连接...
2020-07-31 06:51:19,560 rserial.py[line:24] INFO ('包含设备名称数据：', '/dev/ttySWK0/dev/tty')
2020-07-31 06:51:19,561 rserial.py[line:29] INFO ('设备名称:', '/dev/ttySWK0')
2020-07-31 06:51:19,562 rserial.py[line:35] INFO 正在建立连接...
2020-07-31 06:51:19,719 rserial.py[line:143] INFO start test receive ...
2020-07-31 06:51:19,720 rserial.py[line:53] INFO 测试接收文件...
2020-07-31 06:51:33,393 rserial.py[line:72] INFO 接收文件完成
2020-07-31 06:55:06,171 rserial.py[line:179] INFO main receive...
2020-07-31 06:55:06,179 rserial.py[line:42] INFO 与tserver未建立连接...
2020-07-31 06:55:09,181 rserial.py[line:24] INFO ('包含设备名称数据：', '/dev/ttySWK0/dev/tty')
2020-07-31 06:55:09,182 rserial.py[line:29] INFO ('设备名称:', '/dev/ttySWK0')
2020-07-31 06:55:09,191 rserial.py[line:35] INFO 正在建立连接...
2020-07-31 06:55:10,023 rserial.py[line:143] INFO start test receive ...
2020-07-31 06:55:10,023 rserial.py[line:53] INFO 测试接收文件...
2020-07-31 06:55:23,537 rserial.py[line:72] INFO 接收文件完成
2020-07-31 07:01:18,416 rserial.py[line:179] INFO main receive...
2020-07-31 07:01:18,424 rserial.py[line:42] INFO 与tserver未建立连接...
2020-07-31 07:01:21,426 rserial.py[line:24] INFO ('包含设备名称数据：', '/dev/ttySWK0/dev/tty')
2020-07-31 07:01:21,427 rserial.py[line:29] INFO ('设备名称:', '/dev/ttySWK0')
2020-07-31 07:01:21,428 rserial.py[line:35] INFO 正在建立连接...
2020-07-31 07:01:22,346 rserial.py[line:143] INFO start test receive ...
2020-07-31 07:01:22,348 rserial.py[line:53] INFO 测试接收文件...
2020-07-31 07:01:36,190 rserial.py[line:72] INFO 接收文件完成
2020-07-31 07:01:36,191 rserial.py[line:78] INFO 接收文件大小(字节):141483
2020-07-31 07:01:36,191 rserial.py[line:83] INFO 测试接收文件完成
2020-07-31 07:01:36,194 rserial.py[line:165] INFO read测试第1次完成
2020-07-31 07:01:36,195 rserial.py[line:176] INFO receive over
2020-07-31 07:01:36,196 rserial.py[line:53] INFO 测试接收文件...
2020-07-31 07:01:49,623 rserial.py[line:72] INFO 接收文件完成
2020-07-31 07:01:49,624 rserial.py[line:78] INFO 接收文件大小(字节):141483
2020-07-31 07:01:49,625 rserial.py[line:83] INFO 测试接收文件完成
2020-07-31 07:01:49,628 rserial.py[line:165] INFO read测试第2次完成
2020-07-31 07:01:49,629 rserial.py[line:176] INFO receive over
2020-07-31 07:01:49,630 rserial.py[line:53] INFO 测试接收文件...
2020-07-31 07:02:03,035 rserial.py[line:72] INFO 接收文件完成
2020-07-31 07:02:03,036 rserial.py[line:78] INFO 接收文件大小(字节):141483
2020-07-31 07:02:03,037 rserial.py[line:83] INFO 测试接收文件完成
2020-07-31 07:02:03,040 rserial.py[line:165] INFO read测试第3次完成
2020-07-31 07:24:43,703 rserial.py[line:177] INFO main receive...
2020-07-31 07:24:43,711 rserial.py[line:42] INFO 与tserver未建立连接...
2020-07-31 07:24:46,714 rserial.py[line:24] INFO ('包含设备名称数据：', '/dev/ttySWK0/dev/tty')
2020-07-31 07:24:46,715 rserial.py[line:29] INFO ('设备名称:', '/dev/ttySWK0')
2020-07-31 07:24:46,717 rserial.py[line:35] INFO 正在建立连接...
2020-07-31 07:24:47,553 rserial.py[line:143] INFO start test receive ...
2020-07-31 07:24:47,553 rserial.py[line:53] INFO 测试接收文件...
2020-07-31 07:25:01,086 rserial.py[line:72] INFO 接收文件完成
2020-07-31 07:25:01,087 rserial.py[line:78] INFO 接收文件大小(字节):141483
2020-07-31 07:25:01,088 rserial.py[line:83] INFO 测试接收文件完成
2020-07-31 07:25:01,091 rserial.py[line:165] INFO read测试第1次完成
2020-07-31 07:25:01,091 rserial.py[line:53] INFO 测试接收文件...
2020-07-31 07:25:14,731 rserial.py[line:72] INFO 接收文件完成
2020-07-31 07:25:14,733 rserial.py[line:78] INFO 接收文件大小(字节):141483
2020-07-31 07:25:14,734 rserial.py[line:83] INFO 测试接收文件完成
2020-07-31 07:25:14,737 rserial.py[line:165] INFO read测试第2次完成
2020-07-31 07:25:14,737 rserial.py[line:53] INFO 测试接收文件...
2020-07-31 07:25:28,229 rserial.py[line:72] INFO 接收文件完成
2020-07-31 07:25:28,231 rserial.py[line:78] INFO 接收文件大小(字节):141483
2020-07-31 07:25:28,231 rserial.py[line:83] INFO 测试接收文件完成
2020-07-31 07:25:28,234 rserial.py[line:165] INFO read测试第3次完成
2020-07-31 07:25:28,235 rserial.py[line:174] INFO receive over
2020-07-31 07:33:56,536 rserial.py[line:179] INFO main receive...
2020-07-31 07:33:56,546 rserial.py[line:42] INFO 与tserver未建立连接...
2020-07-31 07:33:59,549 rserial.py[line:24] INFO ('包含设备名称数据：', '/dev/ttySWK0/dev/tty')
2020-07-31 07:33:59,550 rserial.py[line:29] INFO ('设备名称:', '/dev/ttySWK0')
2020-07-31 07:33:59,552 rserial.py[line:35] INFO 正在建立连接...
2020-07-31 07:33:59,924 rserial.py[line:143] INFO start test receive ...
2020-07-31 07:33:59,925 rserial.py[line:53] INFO 测试接收文件...
2020-07-31 07:34:13,464 rserial.py[line:72] INFO 接收文件完成
2020-07-31 07:34:13,465 rserial.py[line:78] INFO 接收文件大小(字节):141483
2020-07-31 07:34:13,466 rserial.py[line:83] INFO 测试接收文件完成
2020-07-31 07:34:13,469 rserial.py[line:165] INFO read测试第1次完成
2020-07-31 07:34:13,469 rserial.py[line:53] INFO 测试接收文件...
2020-07-31 07:34:26,923 rserial.py[line:72] INFO 接收文件完成
2020-07-31 07:34:26,925 rserial.py[line:78] INFO 接收文件大小(字节):141483
2020-07-31 07:34:26,925 rserial.py[line:83] INFO 测试接收文件完成
2020-07-31 07:34:26,928 rserial.py[line:165] INFO read测试第2次完成
2020-07-31 07:34:26,929 rserial.py[line:53] INFO 测试接收文件...
2020-07-31 07:34:40,384 rserial.py[line:72] INFO 接收文件完成
2020-07-31 07:34:40,385 rserial.py[line:78] INFO 接收文件大小(字节):141483
2020-07-31 07:34:40,386 rserial.py[line:83] INFO 测试接收文件完成
2020-07-31 07:34:40,389 rserial.py[line:165] INFO read测试第3次完成
2020-07-31 07:34:40,390 rserial.py[line:176] INFO receive over
2020-07-31 07:37:18,321 rserial.py[line:179] INFO main receive...
2020-07-31 07:37:18,329 rserial.py[line:42] INFO 与tserver未建立连接...
2020-07-31 07:37:21,331 rserial.py[line:24] INFO ('包含设备名称数据：', '/dev/ttySWK0/dev/tty')
2020-07-31 07:37:21,333 rserial.py[line:29] INFO ('设备名称:', '/dev/ttySWK0')
2020-07-31 07:37:21,334 rserial.py[line:35] INFO 正在建立连接...
2020-07-31 07:37:21,895 rserial.py[line:143] INFO start test receive ...
2020-07-31 07:37:21,895 rserial.py[line:53] INFO 测试接收文件...
2020-07-31 07:37:35,371 rserial.py[line:72] INFO 接收文件完成
2020-07-31 07:37:35,373 rserial.py[line:78] INFO 接收文件大小(字节):141483
2020-07-31 07:37:35,373 rserial.py[line:83] INFO 测试接收文件完成
2020-07-31 07:37:35,376 rserial.py[line:165] INFO read测试第1次完成
2020-07-31 07:37:35,377 rserial.py[line:53] INFO 测试接收文件...
2020-07-31 07:37:48,772 rserial.py[line:72] INFO 接收文件完成
2020-07-31 07:37:48,773 rserial.py[line:78] INFO 接收文件大小(字节):141483
2020-07-31 07:37:48,774 rserial.py[line:83] INFO 测试接收文件完成
2020-07-31 07:37:48,777 rserial.py[line:165] INFO read测试第2次完成
2020-07-31 07:37:48,777 rserial.py[line:53] INFO 测试接收文件...
2020-07-31 07:38:02,340 rserial.py[line:72] INFO 接收文件完成
2020-07-31 07:38:02,341 rserial.py[line:78] INFO 接收文件大小(字节):141483
2020-07-31 07:38:02,342 rserial.py[line:83] INFO 测试接收文件完成
2020-07-31 07:38:02,344 rserial.py[line:165] INFO read测试第3次完成
2020-07-31 07:38:02,345 rserial.py[line:176] INFO receive over
2020-07-31 07:47:02,018 rserial.py[line:179] INFO main receive...
2020-07-31 07:47:02,027 rserial.py[line:42] INFO 与tserver未建立连接...
2020-07-31 07:47:05,030 rserial.py[line:24] INFO ('包含设备名称数据：', '/dev/ttySWK0/dev/tty')
2020-07-31 07:47:05,031 rserial.py[line:29] INFO ('设备名称:', '/dev/ttySWK0')
2020-07-31 07:47:05,033 rserial.py[line:35] INFO 正在建立连接...
2020-07-31 07:47:05,116 rserial.py[line:143] INFO start test receive ...
2020-07-31 07:47:05,117 rserial.py[line:53] INFO 测试接收文件...
2020-07-31 07:47:05,185 rserial.py[line:72] INFO 接收文件完成
2020-07-31 07:47:05,197 rserial.py[line:78] INFO 接收文件大小(字节):17
2020-07-31 07:47:05,199 rserial.py[line:83] INFO 测试接收文件完成
2020-07-31 07:47:05,202 rserial.py[line:53] INFO 测试接收文件...
2020-07-31 07:47:05,242 rserial.py[line:72] INFO 接收文件完成
2020-07-31 07:47:05,245 rserial.py[line:78] INFO 接收文件大小(字节):17
2020-07-31 07:47:05,246 rserial.py[line:83] INFO 测试接收文件完成
2020-07-31 07:47:05,251 rserial.py[line:53] INFO 测试接收文件...
2020-07-31 07:47:05,289 rserial.py[line:72] INFO 接收文件完成
2020-07-31 07:47:05,291 rserial.py[line:78] INFO 接收文件大小(字节):21
2020-07-31 07:47:05,292 rserial.py[line:83] INFO 测试接收文件完成
2020-07-31 07:47:05,294 rserial.py[line:165] INFO read测试第1次完成
2020-07-31 07:47:05,295 rserial.py[line:53] INFO 测试接收文件...
2020-07-31 07:47:05,337 rserial.py[line:72] INFO 接收文件完成
2020-07-31 07:47:05,339 rserial.py[line:78] INFO 接收文件大小(字节):17
2020-07-31 07:47:05,339 rserial.py[line:83] INFO 测试接收文件完成
2020-07-31 07:47:05,341 rserial.py[line:53] INFO 测试接收文件...
2020-07-31 07:47:05,375 rserial.py[line:72] INFO 接收文件完成
2020-07-31 07:47:05,378 rserial.py[line:78] INFO 接收文件大小(字节):17
2020-07-31 07:47:05,384 rserial.py[line:83] INFO 测试接收文件完成
2020-07-31 07:47:05,403 rserial.py[line:53] INFO 测试接收文件...
2020-07-31 07:47:05,451 rserial.py[line:72] INFO 接收文件完成
2020-07-31 07:47:05,459 rserial.py[line:78] INFO 接收文件大小(字节):21
2020-07-31 07:47:05,467 rserial.py[line:83] INFO 测试接收文件完成
2020-07-31 07:47:05,471 rserial.py[line:165] INFO read测试第2次完成
2020-07-31 07:47:05,478 rserial.py[line:53] INFO 测试接收文件...
2020-07-31 07:47:05,510 rserial.py[line:72] INFO 接收文件完成
2020-07-31 07:47:05,518 rserial.py[line:78] INFO 接收文件大小(字节):17
2020-07-31 07:47:05,521 rserial.py[line:83] INFO 测试接收文件完成
2020-07-31 07:47:05,531 rserial.py[line:53] INFO 测试接收文件...
2020-07-31 07:47:05,609 rserial.py[line:72] INFO 接收文件完成
2020-07-31 07:47:05,611 rserial.py[line:78] INFO 接收文件大小(字节):17
2020-07-31 07:47:05,612 rserial.py[line:83] INFO 测试接收文件完成
2020-07-31 07:47:05,623 rserial.py[line:53] INFO 测试接收文件...
2020-07-31 07:47:05,656 rserial.py[line:72] INFO 接收文件完成
2020-07-31 07:47:05,659 rserial.py[line:78] INFO 接收文件大小(字节):21
2020-07-31 07:47:05,661 rserial.py[line:83] INFO 测试接收文件完成
2020-07-31 07:47:05,668 rserial.py[line:165] INFO read测试第3次完成
2020-07-31 07:47:05,676 rserial.py[line:176] INFO receive over
